C:\USERS\ADMINISTRATOR\DOCUMENTS\VISUAL STUDIO 2010\PROJECTS\PRACTICE\DEBUG\PRACTICE.EXE
C:\USERS\ADMINISTRATOR\DOCUMENTS\VISUAL STUDIO 2010\PROJECTS\PRACTICE\DEBUG\PRACTICE.EXE.MANIFEST
C:\USERS\ADMINISTRATOR\DOCUMENTS\VISUAL STUDIO 2010\PROJECTS\PRACTICE\DEBUG\PRACTICE.ILK
C:\USERS\ADMINISTRATOR\DOCUMENTS\VISUAL STUDIO 2010\PROJECTS\PRACTICE\DEBUG\PRACTICE.PDB
c:\Users\administrator\documents\visual studio 2010\Projects\practice\practice\Debug\cl.command.1.tlog
c:\Users\administrator\documents\visual studio 2010\Projects\practice\practice\Debug\CL.read.1.tlog
c:\Users\administrator\documents\visual studio 2010\Projects\practice\practice\Debug\CL.write.1.tlog
c:\Users\administrator\documents\visual studio 2010\Projects\practice\practice\Debug\link.6196.read.1.tlog
c:\Users\administrator\documents\visual studio 2010\Projects\practice\practice\Debug\link.6196.write.1.tlog
c:\Users\administrator\documents\visual studio 2010\Projects\practice\practice\Debug\link.command.1.tlog
c:\Users\administrator\documents\visual studio 2010\Projects\practice\practice\Debug\link.read.1.tlog
c:\Users\administrator\documents\visual studio 2010\Projects\practice\practice\Debug\link.write.1.tlog
c:\Users\administrator\documents\visual studio 2010\Projects\practice\practice\Debug\mt.command.1.tlog
c:\Users\administrator\documents\visual studio 2010\Projects\practice\practice\Debug\mt.read.1.tlog
c:\Users\administrator\documents\visual studio 2010\Projects\practice\practice\Debug\mt.write.1.tlog
C:\USERS\ADMINISTRATOR\DOCUMENTS\VISUAL STUDIO 2010\PROJECTS\PRACTICE\PRACTICE\DEBUG\PRACTICE.EXE.INTERMEDIATE.MANIFEST
C:\USERS\ADMINISTRATOR\DOCUMENTS\VISUAL STUDIO 2010\PROJECTS\PRACTICE\PRACTICE\DEBUG\PRACTICE.OBJ
c:\Users\administrator\documents\visual studio 2010\Projects\practice\practice\Debug\practice.write.1.tlog
c:\Users\administrator\documents\visual studio 2010\Projects\practice\practice\Debug\vc100.idb
C:\USERS\ADMINISTRATOR\DOCUMENTS\VISUAL STUDIO 2010\PROJECTS\PRACTICE\PRACTICE\DEBUG\VC100.PDB
